<?xml version="1.0" encoding="UTF-8"?>
<!-- Generated by org.testng.reporters.JUnitReportReporter -->
<testsuite hostname="Deepa2311" failures="0" tests="4" name="test1.Calculator" time="0.014" errors="0" timestamp="2023-04-27T11:56:09 IST" skipped="0">
  <testcase classname="test1.Calculator" name="addition" time="0.010"/>
  <system-out/>
  <testcase classname="test1.Calculator" name="subtraction" time="0.002"/>
  <system-out/>
  <testcase classname="test1.Calculator" name="multiplication" time="0.001"/>
  <system-out/>
  <testcase classname="test1.Calculator" name="division" time="0.001"/>
  <system-out/>
</testsuite> <!-- test1.Calculator -->
