<?xml version="1.0" encoding="UTF-8"?>
<!-- Generated by org.testng.reporters.JUnitReportReporter -->
<testsuite hostname="Deepa2311" failures="0" tests="2" name="test1.NewTest4" time="32.961" errors="0" timestamp="2023-04-27T15:37:20 IST" skipped="0">
  <testcase classname="test1.NewTest4" name="tc_1" time="11.764"/>
  <system-out/>
  <testcase classname="test1.NewTest4" name="tc_2" time="21.197"/>
  <system-out/>
</testsuite> <!-- test1.NewTest4 -->
