<?xml version="1.0" encoding="UTF-8"?>
<!-- Generated by org.testng.reporters.JUnitReportReporter -->
<testsuite hostname="Deepa2311" failures="0" tests="1" name="test1.Main" time="90.556" errors="0" timestamp="2023-05-02T15:16:26 IST" skipped="0">
  <testcase classname="test1.Main" name="tc" time="90.556"/>
  <system-out/>
</testsuite> <!-- test1.Main -->
