<?xml version="1.0" encoding="UTF-8"?>
<!-- Generated by org.testng.reporters.JUnitReportReporter -->
<testsuite hostname="Deepa2311" failures="0" tests="8" name="test1.day9" time="0.012" errors="0" timestamp="2023-05-02T09:49:52 IST" skipped="0">
  <testcase classname="test1.day9" name="div" time="0.000"/>
  <system-out/>
  <testcase classname="test1.day9" name="sub" time="0.000"/>
  <system-out/>
  <testcase classname="test1.day9" name="mul" time="0.001"/>
  <system-out/>
  <testcase classname="test1.day9" name="div" time="0.002"/>
  <system-out/>
  <testcase classname="test1.day9" name="mul" time="0.001"/>
  <system-out/>
  <testcase classname="test1.day9" name="add" time="0.007"/>
  <system-out/>
  <testcase classname="test1.day9" name="sub" time="0.001"/>
  <system-out/>
  <testcase classname="test1.day9" name="add" time="0.000"/>
  <system-out/>
</testsuite> <!-- test1.day9 -->
