<?xml version="1.0" encoding="UTF-8"?>
<!-- Generated by org.testng.reporters.JUnitReportReporter -->
<testsuite hostname="Deepa2311" failures="0" tests="3" name="test1.SmokeTest" time="0.009" errors="0" timestamp="2023-04-27T16:06:26 IST" skipped="0">
  <testcase classname="test1.SmokeTest" name="TC_001" time="0.007"/>
  <system-out/>
  <testcase classname="test1.SmokeTest" name="TC_002" time="0.001"/>
  <system-out/>
  <testcase classname="test1.SmokeTest" name="TC_003" time="0.001"/>
  <system-out/>
</testsuite> <!-- test1.SmokeTest -->
