<?xml version="1.0" encoding="UTF-8"?>
<!-- Generated by org.testng.reporters.JUnitReportReporter -->
<testsuite hostname="Deepa2311" failures="0" tests="1" name="test1.OrangeLogin" time="19.131" errors="0" timestamp="2023-05-03T12:40:39 IST" skipped="0">
  <testcase classname="test1.OrangeLogin" name="tc_2" time="19.131"/>
  <system-out/>
</testsuite> <!-- test1.OrangeLogin -->
