<?xml version="1.0" encoding="UTF-8"?>
<!-- Generated by org.testng.reporters.JUnitReportReporter -->
<testsuite hostname="Deepa2311" failures="0" tests="1" name="test1.OrangeHRM" time="10.351" errors="0" timestamp="2023-05-02T12:35:20 IST" skipped="0">
  <testcase classname="test1.OrangeHRM" name="TC_001" time="10.351"/>
  <system-out/>
</testsuite> <!-- test1.OrangeHRM -->
