<?xml version="1.0" encoding="UTF-8"?>
<!-- Generated by org.testng.reporters.JUnitReportReporter -->
<testsuite hostname="Deepa2311" failures="0" tests="3" name="test1.Title" time="66.895" errors="0" timestamp="2023-05-02T11:50:10 IST" skipped="0">
  <testcase classname="test1.Title" name="tc_3" time="24.007"/>
  <system-out/>
  <testcase classname="test1.Title" name="tc_2" time="23.976"/>
  <system-out/>
  <testcase classname="test1.Title" name="tc_1" time="18.912"/>
  <system-out/>
</testsuite> <!-- test1.Title -->
